小米手机M3 2.4105
红米手机1s 2.3228
三星Galaxy Note II 1.9761
小米手机M4 1.8506
红米note 1.7565
小米手机2S 1.5453
三星Galaxy Note III 1.4643
三星Galaxy S IV 1.3762
三星Galaxy S III 1.1254
红米Note 1s 0.876
红米手机 0.7974
红米手机2a 0.7337
小米手机M2 0.589
OPPO R7 0.5547
三星Galaxy Grand 2 0.5335
vivo X3T 0.4696
红米Note2 0.4557
华为P8 0.4487
魅族MX4 0.4291
华为荣耀3X 0.4175
三星Galaxy S II 0.4133
小米Note 0.4024
魅族m1 note 0.3925
小米手机2A 0.3877
华为荣耀3C 0.3859
三星Galaxy S V 0.3812
vivo Y27 0.3712
华为荣耀畅玩4C 0.366
华为荣耀畅玩4X 0.3578
小米手机M1 0.3539
三星Galaxy Win 0.3362
vivo Y23L 0.3357
魅蓝M2 Note 0.3289
vivo X5Max 0.3275
小米手机1s 0.3152
vivo Y13l 0.3131
vivo Y11it 0.3053
金立F103 0.2961
华为P6 0.2909
OPPO 1107 0.2876
魅族MX2 0.2841
vivo X5M 0.2742
vivo X5proD 0.2684
华为 H60-L01 0.2663
小米平板 0.2623
酷派8720L 0.2612
三星Galaxy Mega 5.8 0.2595
OPPO R7 Plus 0.2465
vivo X3L 0.2439
vivo Y13 0.2408
vivo X5sl 0.238
索尼Xperia Z3 0.2364
OPPO R8207 0.2345
华为Y511-T00 0.231
OPPO A31 0.231
SoftwinerEvb 0.227
华为G621-TL00 0.2251
华为MT7-TL10  0.2247
索尼s39h xperia c 0.2211
vivo X5L 0.2198
OPPO R831S 0.2122
OPPO R7007 0.2113
华为荣耀Che1-CL10 0.2101
华为G610 0.2094
OPPO R2017 0.2085
vivo Y11 0.2071
OPPO R1s 0.207
三星Galaxy A7 0.2057
华为mt7-cl00 0.2042
酷派8675 0.2012
三星GT-S7562 0.2011
华为C8812 0.1996
三星Galaxy Note 0.1989
联想A320T 0.1961
华为c8817d 0.1924
金立GN151 0.1915
华为p7-l07 0.1908
联想A788t 0.188
金立S5.1 0.187
华为荣耀4A 0.1835
三星Galaxy Ace 0.1772
华为 p7-l09 0.1768
酷派大神F1 0.1716
vivo y33 0.1714
华为荣耀7 0.1697
三星A5000 0.1695
OPPO R831t 0.1658
OPPO R6007 0.1651
三星GT-S7568 0.1621
英菲克i9h 0.1612
大显MX5 0.1597
HTC One 0.1588
华为mt7-tl00 0.1587
vivo Y181 0.1574
魅族MX4 Pro 0.1552
OPPO X9007 0.152
华为荣耀che1-cl20 0.1515
魅族M355 0.1514
魅族MX3 0.1505
三星SM-G5308W 0.1482
OPPO R821t 0.148
华为荣耀6 Plus 0.1477
华为C8815 0.1457
LG Nexus4 0.1453
vivo Y17 0.1443
华为C8813 0.1423
vivo y13iL 0.1376
联想A850 0.1376
酷派8729 0.1373
联想A360T 0.1362
联想A3800-D 0.1341
vivo X5 0.1323
台电A11 0.1293
酷派Y75 0.1284
vivo S7I 0.1281
vivo X710L 0.1277
OPPO R819T 0.127
三星GALAXY S6 0.1266
oppo a31t 0.1265
vivo Xplay3S 0.1239
华为荣耀3c 0.1228
华为C8816 0.1216
华为荣耀6 0.1207
联想K30-T 0.1204
华为G520 0.12
酷派8675-A 0.1187
OPPO 3007 0.1179
Letv x600 0.1176
vivo Y221 0.1171
酷派8297-T01 0.1163
努比亚NX505J 0.1148
中兴U807 0.1141
vivo Y29L 0.1132
三星GT-S7572 0.1125
华为G730 0.1119
三星Galaxy S III Neo+ 0.1119
vivo Xplay 0.1103
华为g7-tl00 0.1096
华为G620-L75 0.1091
OPPO N5117 0.1087
酷派8705 0.1085
酷派8702 0.1063
vivo Y28L 0.106
三星G3609 0.1044
三星Galaxy Trend 3 0.1039
华为hol-t00 0.1038
vivo Y913 0.1024
OPPO 1105 0.1022
联想A308t 0.1014
中兴U795 0.1013
金立V183 0.1011
联想A368T 0.1002
三星GALAXY A8000 0.0978
三星GT-i9082 0.0976
华为麦芒4 0.0975
中国移动A1 0.0969
酷派8702D 0.0961
华为Y635 0.0956
OPPO R827T 0.0948
 OPPO R8107 0.0942
vivo Y15 0.0941
三星SM-G3818 0.0932
华为C8813Q 0.0931
索尼s55t 0.0931
三星Galaxy Grand 0.092
三星G9098 0.0913
三星 GALAXY S6 0.0913
华为H60-L03 0.0909
三星n9100 0.0905
华为B199麦芒2 0.0904
联想a808t 0.0899
OPPO R1 0.0882
酷派8122 0.0879
三星GALAXY S IV 0.0877
联想A820t 0.0877
金立gn9006 0.0875
华为Y600 0.0874
三星GALAXY Grand 2 0.0866
努比亚NX506J 0.0863
三星Galaxy Note 3 0.0858
vivo X520l 0.0856
酷派大神F2 0.0856
三星GT-i8262D 0.0853
三星GALAXY S III 0.0853
OPPO Find 5 0.085
三星SM-G3812 0.085
三星Galaxy S 0.0844
OPPO Finder(X907) 0.0839
华为Mate 7 0.0834
OPPO R823T 0.0829
OPPO A51 0.0815
OPPO U705T 0.0808
Oppo Find 5 0.0799
三星I9508 0.0798
三星i8268 0.0796
三星GALAXY S VI 0.079
三星R830 0.0783
vivo Y613 0.078
三星Galaxy Grand Duos 0.0775
OPPO X909 0.0768
OPPO A31c 0.0767
vivo X3S 0.0767
vivo S7t 0.0766
vivo Y22L 0.0765
OPPO R7sm 0.0762
三星 Galaxy S4 GT-I9508V 0.076
酷派5890 0.0758
中兴努比亚Z9MINI 0.0756
联想A2800d 0.0749
OPPO R811 0.0747
三星GALAXY Mega 5.8 0.0747
三星i739 0.0745
金立V188S 0.074
vivo X1St 0.0735
OPPO U707T 0.073
华为T8951 0.0728
华为c199 0.0728
华为G6 0.0727
TCL P301M 0.0722
OPPO R815t 0.0721
HTC D816t 0.0719
三星Galaxy Mega 6.3 0.0719
vivo Y20 0.0718
联想S810t 0.0717
三星Galaxy SM-G9008W 0.0714
联想A390t 0.0712
三星N9006 0.0707
索尼L36h(Xperia Z) 0.07
小辣椒 LA2-S 0.0697
vivo Y927 0.0691
vivo X1 0.069
索尼L39h(Xperia Z1) 0.0687
OPPO N1 0.0682
酷派8730L 0.0681
三星Galaxy Mini 0.068
三星Galaxy Mega Plus 0.0676
联想A388t 0.0673
酷派S6 0.0671
酷派5951 0.0664
三星GALAXY J5008 0.0661
三星GT-S7898 0.0657
联想A630t 0.0651
华为荣耀h30-l01m 0.0646
OPPO r7005 0.0645
华为Y220 0.0639
华为荣耀G620S-UL00 0.0636
三星SM-W2014 0.0636
酷派5950 0.0634
华为荣耀 6 Plus 0.0632
三星GALAXY Win 0.0625
联想A708t 0.0618
三星GT-S7568I 0.0611
华为C8817E 0.0606
华为G700 0.0605
三星SCH-I679 0.0602
酷派K1 0.0602
酷派7295 0.0597
金立GN9000 0.059
酷派8670 0.0587
三星Galaxy S Duos 0.0583
酷派7295C 0.0581
酷派 y80d 0.0581
酷派8017 0.058
华为C8816D 0.0579
三星Galaxy NoteII 0.0578
三星Galaxy Note 10.1 0.0575
三星N9100 0.0574
金立V182 0.0569
中兴V5S N918St 0.0568
三星N9108V 0.0568
酷派5892 0.0568
vivo X3l 0.0567
vivo y13t 0.0566
华为H60-L11 0.0557
中国移动N1 0.0557
三星 SM-G9280 0.0555
中兴A880 0.0552
三星Galaxy Ace 2 0.0551
华为荣耀 PE-TL00M 0.0551
金立F301 0.0549
三星GALAXY J7 0.0547
三星SCH-I829 0.0541
酷派D7296 0.0539
OPPO R833T 0.0538
魅族M571c 0.0538
魅族 m463c 0.0535
联想A808T 0.0533
三星 GALAXY CORE Lite 4G 0.0532
中兴U817 0.0531
三星G5309W 0.053
联想S898t 0.0529
索尼爱立信LT18i(Xperia arc S) 0.0529
三星GT-S7562C 0.0528
联想A670t 0.0523
三星Galaxy Tab 3 7.0 0.0513
酷派8076D 0.0511
华为 G7-UL20 0.051
vivo H8S 0.0509
联想a355e 0.0509
三星Galaxy Note 8.0 0.0506
三星G7508Q 0.0505
联想S720 0.0505
华为A199 0.0505
三星Galaxy Tab 3 8.0 0.0504
金立V185 0.0503
金立S5.5 0.0503
三星GT-i9250 0.0501
三星G3608 0.0498
vivo Y37L 0.0493
 三星galaxy note ii 0.0492
三星N9109W 0.0491
OPPO r8205  0.049
三星SM-G3568V 0.0489
三星G5108Q  0.0489
HTC Desire 816 0.0488
vivo S11t 0.0486
索爱l39u 0.0485
vivo X5proV 0.0481
三星 E7000 0.048
酷派5891 0.0475
三星 A7009 0.0471
索爱K220 0.0471
vivo Y923 0.047
华为p7-l00 0.0467
三星SM-3819D 0.0462
华为荣耀7i 0.0462
联想A298t 0.046
优购Q8 0.0458
酷派5891Q 0.0455
魅族M356 0.0455
HTC Incredible G11 0.0454
三星N9108V  0.0454
中兴Q201T 0.0454
三星SM-G900H 0.0452
联想A3000 0.0451
三星SM-G3502I 0.0449
三星i879（Galaxy Grand） 0.0448
三星SM-A5009 0.0447
中国移动M811 0.0446
三星GALAXY Grand Max 0.0446
天语Touch3 0.0445
联想A278t 0.0443
三星n7508v 0.0443
三星GALAXY Trend 3 0.0441
三星Galaxy Y 0.0439
三星Note4 SM-N910U 0.0439
三星GT-S7278U 0.0433
OPPO N3 0.0428
华为Y321-C00 0.0428
联想A238T 0.0428
中兴N909 0.0427
三星Galaxy Grand Neo 0.0426
三星SCH-W2013 0.0425
三星G3509I 0.0424
努比亚NX507J 0.0424
三星Galaxy Trend 0.0423
波导L9 0.0416
vivo Y19t 0.0415
三星Galaxy Ace Plus 0.0413
联想乐檬K3 Note 0.0413
三星Galaxy S Advanced 0.0413
联想A628t 0.0413
三星Galaxy S5 0.0413
vivo Y11iw 0.0412
三星GT-i9260 0.041
联想A658t 0.041
百立丰Lephone T2 0.0409
华为U9508 0.0407
酷派5316 0.0406
华为C8818 0.0405
华为g521-l076 0.0405
vivo S7 0.0404
三星Galaxy Pocket 0.0403
酷派8720 0.0401
三星SM-A3000 0.0401
联想a396 0.0397
酷派8079 0.0394
海信M20-T 0.0391
联想A789 0.0391
天语W95 0.039
金立F303 0.039
LG Nexus5 0.0389
联想A380T 0.0386
联想A269i 0.0385
酷派7270 0.0385
金立GN137 0.0383
OPPO U701 0.0382
联想S890 0.0382
联想A5800-D 0.038
酷派7298d 0.0378
OPPO R809T 0.0377
三星GALAXY Note V 0.0377
OPPO 6607  0.0376
OPPO R813T 0.0376
TCL P306C 0.0374
vivo Y928 0.0371
华为 HUAWEI G628-TL00 0.0368
联想A750e 0.0368
酷派801 0.0367
三星GT-S7898I 0.0366
联想A820 0.0366
三星Galaxy S Plus 0.0364
HTC X920e Butterfly 0.0362
联想P700 0.0361
三星Galaxy Tab 0.036
酷派8085 0.0358
Nokia X 0.0358
酷派5236 0.0356
三星GT-P3100 0.0355
LenovoA3900 0.0354
联想A688T 0.0354
索尼ST25i(Xperia U) 0.0354
TCL P331M 0.0354
华为mt2-l01 0.0353
三星SM-G9008W 0.0352
vivo S9 0.0351
三星Galaxy DUOS 0.0351
三星GT-I9158V 0.035
联想P770 0.0349
联想 S898t+ 0.0349
索尼S39h(Xperia C) 0.0347
三星G3502c 0.0347
联想A398t 0.0347
华为Y325 0.0343
酷派8089 0.0342
酷派8675-hd 0.0342
联想S850t 0.0341
三星GT-i9268 0.0339
三星Galaxy S4 Mini 0.0339
酷派T1 0.0338
酷派8713 0.0338
三星Galaxy GRAND Neo+ 0.0337
联想A678t 0.0336
三星GT-S6818 0.0336
三星GALAXY Core2 0.0336
HTC Desire S(G12) 0.0334
三星Galaxy S III mini 0.0333
酷珀L8 0.0333
天语 Kis2 0.0332
 华为G616-L076 0.0331
诺基亚XL 0.0331
酷派8297d 0.0328
联想S820 0.0326
三星Galaxy Y Duos 0.0325
三星SM-W2015 0.0324
三星Galaxy Trend Duos 2 0.0322
HTC One M8t 0.0321
联想x2-to 0.032
vivo X5Max 0.0319
三星Grand Prime 0.0319
华为C8813D 0.0317
华为Mate 2 0.0317
三星GT-S7278 0.0316
三星Galaxy Ace Duos 0.0316
三普F307 0.0314
金立X805 0.0313
诺基亚N9 0.0312
HTC Magic G2(myTouch 3G) 0.0311
TCL乐玩P588L 0.0311
华为x17.0 0.0311
联想A880 0.0309
三星Galaxy S II plus 0.0309
摩托罗拉K1 0.0308
vivo Y22 0.0307
三星GT-i9118 0.0307
三普OK333 0.0305
三星W2013 0.0305
乐视X800 0.0303
三星Galaxy Star Pro 0.0303
朗翔LS188 0.0303
三星GT-S5360b 0.0302
三星Galaxy Star 0.0301
金立V188 0.03
三星G350E 0.03
朗翔LS555 0.03
vivo Y3t 0.0299
酷派5200S 0.0299
三星Galaxy Pocket Duos 0.0299
华为G610T 0.0299
长虹HONPhone A999 0.0298
三星S350 0.0298
天语C201 0.0298
中兴C150 0.0297
vivo Y11t 0.0297
华为 PE-UL00 0.0296
魅蓝2 0.0296
华为Y320 0.0295
联想A860e 0.0295
亿通 P2 0.0294
三星G3508I 0.0294
华为SC-CL00 0.0293
联想A798t 0.0293
索尼LT26i(Xperia S) 0.0292
索尼D6653 0.0292
中兴Q301C 0.0291
联想A288t 0.0291
HTC 新渴望VT(T328t) 0.029
LG G2 0.0288
三星i9220 0.0287
HTC One X(G23) 0.0287
中兴g718c 0.0286
华为荣耀畅玩4x 0.0283
魅族M9(8G) 0.0283
OPPO Real R801 0.0281
中兴U809 0.0279
海信 HS-X8T 0.0278
三星G5108 0.0274
HTC T528w 0.0273
天语T619 0.0273
三星GT-I9507V 0.0273
联想S820e 0.0272
HTC incredible S(G11) 0.0272
OPPO T29 0.0271
华为Y220T 0.0271
酷派5219 0.0271
联想A3300-T 0.0269
华为 Mate 7 青春版 0.0269
HTC T329t 0.0269
三星GALAXY Core 4G 0.0269
努比亚NX403A 0.0269
酷珀l7 0.0267
华为MediaPad X1 7.0 0.0266
中兴N880E 0.0266
联想S658t 0.0265
摩托罗拉Atrix 4G 0.0264
索尼 LT26ii(Xperia SL) 0.0264
酷派8712 0.0261
华为U8825D 0.0261
酷派7295A 0.0259
OPPO X9077 0.0258
HTC 新渴望V(T328w) 0.0258
联想A770e 0.0258
联想A560 0.0257
金立E3 0.0256
联想A680 0.0255
三星W999 0.0255
华为 Y535D-C00 0.0255
酷派5216D 0.0251
小辣椒红辣椒 0.0248
酷派5360 0.0247
联想K900 0.0247
索尼A77 0.0247
话说T00F 0.0246
中兴U950 0.0246
酷派7251 0.0245
三星GT-i9105p 0.0245
金立GN800 0.0244
三星I699i 0.0243
联想A750 0.0243
TCL P308L 0.0242
联想S90-t 0.0242
中兴红牛（青春版） 0.0241
酷派7105 0.0241
酷派8297-c00 0.024
华为荣耀3CH30-L01M 0.0239
三星Galaxy S III LTE 0.0239
海信EG966 0.0238
联想A398t+ 0.0238
华为荣耀X2 精英版 0.0237
OPPO R827t 0.0237
酷派8021 0.0237
海信E913 0.0236
联想A318t 0.0236
海信E602T 0.0236
酷派5311 0.0235
酷派Y70-C  0.0235
金立GN715 0.0235
华为g660 0.0235
朵唯T20 0.0233
海信EG970 0.0232
酷派8720Q 0.0232
华为MT1-T00 0.0231
华为C8817L 0.0231
华为Y500-T00 0.0229
联想a890e 0.0229
HTC D820t 0.0228
三星SCH-I779 0.0228
联想A2580 0.0227
酷派5217 0.0226
HTC D820U 0.0225
华为G730-L075 0.0225
联想乐Pad 2207 0.0223
华为G606 0.0223
HTC T528t 0.0222
金立GN152 0.0221
联想a330e 0.0221
酷派 5313s 0.0221
华为P8max 0.022
康佳 V981 0.022
酷派8085Q 0.022
华为Y516 0.022
联想A378t 0.0219
联想S650 0.0219
海信E820 0.0219
朵唯S2Y 0.0219
酷派8190Q 0.0218
联想A590 0.0216
中兴U819 0.0215
酷派y1  0.0214
中兴U879 0.0213
三星Galaxy Tab 3 10.1 0.0212
联想828t 0.0212
努比亚NX503A 0.0212
华为Y600D-C00 0.0211
华为MT1-U06 0.0211
中兴G717C 0.0211
中兴V889D 0.0211
朵唯S1 0.021
联想S868t 0.021
联想P780 0.021
华为Y320C 0.0209
华硕T00j 0.0209
海信E621T 0.0208
三星Galaxy Ace Dear 0.0208
三星I9128V 0.0208
金立GN708T 0.0207
朵唯D800 0.0206
中兴V5 MAX N958St 0.0206
三星N7506V 0.0205
三星Note3 0.0205
酷派7231 0.0204
TCL P316L 0.0204
华为 Y518-T00 0.0203
中国移动M601 0.0203
华为Y560 0.0202
三星GT-I9082C 0.0201
华为HN3-U01 0.0201
联想A800 0.02
htc d816x 0.0199
中兴q505t 0.0199
联想K860i 0.0198
联想IdeaPad B6000 0.0198
三星Galaxy S6 0.0198
酷派5952 0.0197
朵唯iEva D500 0.0197
联想A3600-D 0.0196
金立GN706L 0.0196
OPPO 3005 0.0195
索尼Xperia Z2 L50t 0.0195
中兴U956 0.0194
酷派8190 0.0193
诺基亚XL 4G 0.0193
OPPO 1100 0.0193
HTC G9（Aria） 0.0193
酷派7295+ 0.0192
大神Note3 0.0192
华为荣耀G621-TL00 0.0191
联想IdeaTabA1000 0.0191
HTC T528d（One SC）（电信版One S） 0.0191
金立GN150 0.0191
HTC Desire D316d 0.019
中兴U930 0.019
酷派7269 0.0189
联想A399 0.0189
麦芒3S 0.0189
三星Galaxy S II Duos 0.0189
三星Galaxy ACE 3 0.0188
海信EG939 0.0188
华为C8825D 0.0186
酷派5860s 0.0186
三星GT-P5110 0.0186
三星GT-I8580 0.0186
金立GN700W 0.0186
华为Y310 0.0185
海信EG916 0.0185
中兴U790 0.0185
华为U8860(荣耀 Honor) 0.0185
三星G3559 0.0185
酷派8076 0.0185
三星SM-G3589W  0.0184
OPPO Real R817 0.0184
三星SM-N900U 0.0183
酷派5109 0.0183
海信HS-E600M 0.0183
金立E6 0.0183
HTC d816d 0.0183
中兴Q302C 0.0182
三星GALAXY Grand 0.0182
联想S899T 0.0182
华为荣耀畅玩3x 0.0181
酷派5930 0.0181
酷派8020 0.0181
中兴U960E 0.018
TCL p500m 0.018
OPPO R7t 0.018
华硕 zenfone2 Z00AD 0.018
联想A338T 0.018
酷派锋尚PRO Y90 0.0178
酷派8675-w00 0.0177
酷派锋尚PRO T2-C01 0.0176
海信EG936D 0.0176
索尼Xperia Z2 0.0175
天语C666t 0.0175
天语T789 0.0175
中兴小鲜2 0.0175
海信E602M 0.0175
酷派SK1-01 0.0174
华为C8812+ 0.0174
联想黄金斗士A8 A3860 0.0174
酷派8105 0.0174
华为Y210 0.0173
联想A385e 0.0173
联想S920 0.0171
华为 Mate S 0.0171
联想A360e 0.0171
三星GALAXY Tab S T705C 0.0171
三星Galaxy SIII 0.017
联想A698t 0.017
中兴N798 0.0169
HTC Sensation XE(G18) 0.0169
中兴N919 0.0169
朵唯doovd330 0.0169
索尼LT22i(Xperia P) 0.0168
华为U8833（Y300） 0.0168
联想A830 0.0168
联想K860 0.0167
三星GT-T9168 0.0166
华为T8950 0.0166
联想A805E 0.0166
TCL P728M 0.0166
索尼LT29i(Xperia GX SO-04D) 0.0166
索尼LT28h(Xperia ion) 0.0165
酷派7275 0.0165
TCL P520L 0.0165
HTC 新渴望VC(T328d) 0.0165
酷派8707 0.0164
朵唯L1M 0.0164
海信E601M 0.0164
htc one e 0.0163
OPPO R8000 0.0163
中兴红V5 0.0162
中兴远航2 Q519T 0.0161
华为Ascend P6  0.0161
三星GT-S7566 0.0161
酷派8056 0.0161
华为C8950D荣耀+（电信版） 0.016
华为C8813dq 0.0159
华为Y511-U00 0.0159
天语C986t 0.0159
索尼爱立信Xperia X7 mini 0.0158
中兴Q802T 0.0158
金立E6mini 0.0157
波导LT02 0.0157
联想A766 0.0156
华为 S8-701u 0.0155
酷派5216S 0.0154
华为C8650 0.0154
TCL M2M 0.0154
海信HS-E260T 0.0153
酷派8750 0.0153
联想A369 0.0153
三星T800 0.0152
华为荣耀平板T1 0.015
HTC One M8 0.015
华硕t100g 0.015
华为麦芒4 RIO 0.0149
天语W800 0.0149
酷派8717 0.0149
联想S880 0.0149
联想LenovoS5000 0.0148
乐视X900 0.0148
酷派8070 0.0148
海信100t 0.0147
Lephone T708 0.0146
三星GALAXY Note 0.0146
TCL J636D 0.0146
朵唯iSuper S2 0.0145
金立S7 Mini GN9007 0.0144
金立GN708W 0.0144
酷派5218D 0.0144
酷派8295m 0.0144
三星SCH-I939I 0.0144
HTC Sensation XL(G21) 0.0144
酷派7232 0.0143
三星SM-G900i 0.0142
联想A760 0.0142
华为U8818(Ascend G300) 0.0142
努比亚 Z9 Max NX510J 0.0142
海信HS-EG978 0.0141
海信T929 0.014
酷派大神 0.014
三星GT-N7108D 0.014
联想 A2860 0.014
联想A300t 0.014
三星GT-S6352 0.014
华为Y511 0.014
三星Galaxy S IV Zoom 0.014
联想A505E 0.014
海信T928 0.0139
金立F103L 0.0139
天语TOUCH 2C 0.0139
中兴V967S 0.0138
海信HS-EG971 0.0138
联想笋尖S60t 0.0138
联想A858t 0.0137
华为y330-c00 0.0137
天语T60 0.0137
华为 P8 0.0136
波导l108 0.0136
联想A390 0.0135
联想S968T 0.0135
联想 P70-t 0.0134
华为T8830pro 0.0134
三星I9050 0.0134
酷派T60 0.0133
联想A820e 0.0133
HTC 惊艳 S710d( Incredible S电信版) 0.0133
HTC Desire HD(G10) 0.0133
联想A656 0.0133
索尼 Xperia C3 D2533 0.0133
酷派7296s 0.0133
华为ascendp7 0.0132
联想S880i 0.0132
海信EG958 0.0131
三星i759 0.0131
三星S5820 0.013
酷派9120 0.0128
三星SCH-P709E 0.0128
三星galaxys 5g 9008v 0.0128
索尼Xperia T2 Ultra XM50t 0.0128
金立GN9002 0.0127
中兴Q701C 0.0127
联想S850 0.0127
 酷派 8297w01 0.0127
三星 SM-G3556D  0.0126
HTC 夺目3D X515m(联通版) 0.0126
酷派 IVVI ss1-01 0.0125
三星 SM-G3139D 0.0124
摩托罗拉 XT685 锋丽 0.0124
三星GALAXY A7 SM-A700YD 0.0124
联想A690 0.0124
摩托罗拉XT910(Droid RAZR/锋芒) 0.0123
海信EG929 0.0123
三星Galaxy Gio 0.0123
中兴N818 0.0123
htc D516d 0.0122
中兴V818 0.0122
酷派8198T 0.0121
HTC One (M8)  0.0121
朵唯DOOV D910 0.012
酷派7266 0.012
索尼Xperia T2 Ultra 0.012
金立GN700T 0.012
HTC Wildfire S(G13) 0.012
摩托罗拉Defy 0.0119
华硕T00P 0.0119
HTC d820u  0.0119
LG P765 0.0118
联想A376 0.0118
TCL s720t 0.0118
酷派7060 0.0118
联想黄金斗士A8 A808T-I 0.0118
htc M4 0.0117
天语T619+ 0.0117
联想 s668t 0.0117
联想黄金斗士S8 A7600-m 0.0117
金立GN100 0.0116
大神 Note3 8676-A01 0.0116
亿通P1 0.0116
酷派7620L-W00 0.0116
中兴V955 0.0116
金立E6T 0.0116
天语E616 0.0116
联想 a588t 0.0115
康佳A3 0.0115
HTC D816V 0.0115
 HTC826 0.0115
联想A768t 0.0113
中兴N881E 0.0113
酷派8810 0.0113
联想S720i 0.0113
TCL P502u 0.0113
联想 S800 0.0112
酷派新K1  K1-NT 0.0111
天语k-touche8 0.0111
联想IdeaTabS5000-e 0.0111
索尼XL39h(Xperia Z Ultra) 0.011
中兴 Q509T 0.011
朵唯i1314 0.0109
摩托罗拉XT531 0.0108
天语Touch 3c 0.0108
中兴U793 0.0108
联想A520 0.0108
中兴V975 0.0108
联想VIBE Shot Z90-7 0.0107
HTC T327t 0.0107
酷派7235 0.0106
酷派5872 0.0106
摩托罗拉MT680 0.0106
朵唯L1 0.0106
联想IdeaTabS6000-h 0.0105
联想S2-38AH0 0.0105
酷派8259 0.0104
酷派7298A 0.0104
中兴V9180 0.0104
中兴星星2号 G720T 0.0104
HTC M8SW 0.0103
摩托罗拉Droid 4（Milestone 4） 0.0103
金立GN180 0.0103
中兴N855 0.0103
中兴Q507T 0.0103
联想 A798t 0.0103
htc D610t 0.0103
朵唯T35 0.0103
索尼LT28h（Xperia Ion） 0.0103
联想 TAB A7 A3500 0.0103
联想A366t 0.0103
酷派7295C-C00 0.0103
中兴V881 0.0102
HTC Legend G6 0.0102
优购Q3 0.0101
HTC d820ts  0.0101
联想A936 0.0101
LG-D838 0.0101
酷派W706+ 0.0101
中兴U930HD 0.0101
联想A60 0.01
HTC Desire 606w 0.0099
金立GN709L 0.0098
联想A630 0.0098
波导I600 0.0096
HTC Desire 600 0.0096
海信 E613M 0.0096
长虹V8 0.0096
联想A916 0.0095
中兴Blade U880 0.0095
HTC One max 0.0095
酷珀L128 0.0094
酷派7320 0.0094
金立GN135 0.0093
天语K-TouchL820 0.0093
酷派7061 0.0093
朵唯iSuper S3 0.0093
努比亚Z9 NX508J 0.0093
联想A690e 0.0093
摩托罗拉Droid 4(Milestone 4) 0.0092
朵唯D350 0.0092
海信HS-I630T 0.0092
酷派 8732 0.0091
联想S938t 0.0091
海信EG901 0.0091
酷派8715 0.0091
联想K800 0.0091
小辣椒 HLA Note 1-L 0.0091
酷派7230 0.009
中兴N881F 0.009
朵唯D360 0.009
联想A889 0.0089
联想A218t 0.0089
中兴V985 0.0089
中兴青漾3 G719c 0.0089
TCL P620M 0.0088
TCL P518L 0.0088
小辣椒X3 LA3-L 0.0088
中兴N986 0.0088
金立GN128 0.0087
海信E912 0.0087
海信 E625T 0.0086
天语T91 0.0086
联想A370e 0.0086
联想黄金斗士Note8 A938t 0.0086
酷派8150 0.0086
联想A356 0.0086
联想A516 0.0086
TCL P33M 0.0086
酷派7019 0.0086
联想IdeaTabA2107a-h 0.0085
酷派Y60-W 0.0085
HTC Desire 820 0.0085
LG D857 0.0084
HTC T329d 0.0084
HTC M910x 0.0084
中兴U968 0.0084
摩托罗拉Defy+ 0.0084
联想a60 0.0084
小辣椒 la2-l  0.0084
中兴Q503U 0.0083
联想 s860e 0.0083
HTC Desire 608t 0.0083
海信E620M 0.0082
联想A765e 0.0082
百立丰T708 0.0082
天语k-touchl920 0.0082
中兴 S2002 0.0082
LG L22 0.0082
海信M10-M 0.0081
HTC Desire 626 0.0081
索尼 Xperia Z2 L50u 0.0081
摩托罗拉Moto X XT1085 0.0081
金立GN139 0.0081
酷派8295C 0.0081
索尼L35h(Xperia ZL) 0.0081
朵唯s2l 0.0081
酷派8060 0.008
中兴U960s 0.008
海信U8 0.008
联想S858t 0.008
联想A66 0.008
酷派5860S 0.008
索尼 Xperia Z L36h 0.008
波导Doeasye700 0.0079
波导T9508 0.0079
酷派8150D 0.0079
联想S960 0.0079
联想A208t 0.0079
索尼M35h(Xperia SP) 0.0079
联想S870e 0.0078
天语W619(小黄蜂) 0.0078
HTC One XC(X720d) 0.0078
酷派5879 0.0078
联想K910 0.0078
波导T9600 0.0078
康佳L810 0.0078
HTC 5088 0.0077
摩托罗拉 XT788 0.0077
中兴N980 0.0077
中兴Q805T 0.0077
波导T9108 0.0077
中兴V889S 0.0077
联想A600e 0.0077
海信U980 0.0076
海信HS-X68T 0.0076
中兴N5S 0.0076
联想 A806  0.0075
海信E912S 0.0075
中兴U880s 0.0074
LG D858HK 0.0074
联想A660 0.0074
索尼C680X(Xperia UL) 0.0074
中兴 M901c 0.0074
天语W806 0.0074
亿通etonp3 0.0074
联想A606 0.0074
LG LU6200 (Optimus LTE) 0.0073
HTC Sensation Z710e 0.0073
联想IdeaPad B8000 0.0073
TCL P516L 0.0072
海信HS-U978 0.0072
酷派5200 0.0072
摩托罗拉XT788 0.0072
联想A305e 0.0072
金立X817 0.0071
康佳L823 0.0071
中兴N919D 0.0071
中兴V956 0.0071
海信T959S1 0.007
亿通T890 0.007
中兴Q501T 0.007
酷派5876 0.007
酷派5218S 0.007
HTC B810x 0.007
HTC G10 0.007
酷派5860A 0.007
华硕 ASUS_Z008D 0.007
HTC Sensation (G14) 0.007
HTC D820mt 0.0069
HTC M8Sd 0.0069
酷派5261 0.0069
中兴Q5-T 0.0069
金立GN305 0.0069
中兴U818 0.0068
中兴红牛V5能量版U9180 0.0068
HTC Butterfly 0.0068
金立GN810 0.0068
小辣椒LA-M1 0.0068
天语Touch5 0.0068
索尼爱立信E15i(Xperia X8) 0.0067
中兴memo 5S 0.0067
海信E956Q 0.0067
华硕ME173X 0.0067
索尼爱立信MT15i(Xperia neo) 0.0066
中兴N900 0.0065
htc D516t 0.0065
中兴V987 0.0065
天语K-touch L930i 0.0064
中兴N5 0.0064
海信E968 0.0064
华硕FonePad 0.0064
HTCM9U 0.0064
中兴Q501U 0.0064
HTC E9PW 0.0063
海信T912 0.0063
台电平板电脑CPU核心型号 0.0063
中兴U880F1 0.0062
HTC Desire 820s 820us 0.0062
HTC Desire 826w 0.0062
LG E988 0.0062
索尼L39t(Xperia Z1) 0.0061
LG P970 0.0061
HTC Rhyme S510b G20 0.0061
索爱Xperia ArcS LT（18i） 0.0061
中兴DM Q2S-T 0.0061
HTC Desire S（G12） 0.006
中兴U808 0.006
天语K-Touch K1 0.006
亿通P305 0.0059
天语U86 0.0059
海信EG909 0.0059
天语NibiruH 0.0059
中兴U880E 0.0058
索尼LT26w(Xperia acro S) 0.0058
波导L100 0.0058
索尼Xperia SP 0.0058
波导T9608 0.0058
索尼D5833 0.0057
HTC D820mu 0.0057
LG Optimus 4X HD(P880) 0.0057
TCL P301C 0.0057
索尼M36h(Xperia ZR) 0.0057
小辣椒la2-t1手 0.0057
中兴Nubia Z5 mini 0.0056
中兴N900D 0.0056
海信hs-e200t 0.0056
摩托罗拉XT928(电信版Droid RAZR) 0.0056
HTC Z560e(One S微博版) 0.0056
TCL J738M 0.0055
中兴Blade V880 0.0055
天语L810 0.0054
HTC One Max 0.0054
TCL p360w 0.0054
中兴Q705U 0.0053
中兴N799D 0.0053
天语S5 0.0053
天语C986T 0.0053
HTC One S 0.0053
摩托罗拉XT615 0.0053
摩托罗拉ME865 0.0053
LG Optimus L7 P705 0.0053
台电P98HD 0.0052
海信U966 0.0051
中兴V788D 0.0051
HTC Desire 610  0.005
索尼爱立信ST18i(Xperia ray) 0.005
海信HS-T967 0.005
亿通D520 0.005
天语K-TouchL820c 0.005
HTC 野火S(A510c) 0.0049
LG E975 0.0048
中兴N880F 0.0048
亿通T730 0.0048
中兴V795 0.0048
中兴U795+ 0.0047
索尼MT27i(Xperia sola) 0.0047
HTC Desire 7088 0.0047
HTC T329w 0.0047
索尼ST26i(Xperia J) 0.0047
中兴N880G 0.0047
LG Optimus G Pro 0.0047
天语K-TouchE99 0.0047
海信EG950 0.0046
中兴Score M 0.0046
中兴N970 0.0045
天语T780 0.0045
康佳V927 0.0045
中兴ZTEQ801L 0.0045
天语W68 0.0045
天语U6 0.0045
波导T9500 0.0044
天语T621 0.0044
海信EG980 0.0043
HTC Desire 700 0.0043
海信E936 0.0043
天语S5t 0.0043
tcl s720t 0.0043
中兴U960s3 0.0043
天语W98 0.0042
海信E917 0.0042
天语W700 0.0041
中兴V970 0.0041
HTC G7 Desire 0.004
htc D516w 0.004
海信T959 0.004
HTC EVO 4G 0.004
中兴V983 0.0039
海信U936 0.0039
康佳W960 0.0039
长虹Z1 0.0038
HTC Desire 310 0.0038
海信E910 0.0038
TCL J320T 0.0038
海信T958 0.0037
TCL Y910 0.0037
康佳V923 0.0036
LG-V500 0.0036
HTC G11 0.0036
HTC One XL 0.0036
TCL S950 0.0035
长虹V7 0.0035
优购Q7 0.0035
海信E930 0.0035
亿通i6 0.0035
摩托罗拉ROKR U9 0.0035
摩托罗拉MT788 0.0034
摩托罗拉MT917(移动Droid RAZR) 0.0034
中兴U889 0.0034
亿通T820 0.0034
中兴N807 0.0033
天语U81T 0.0033
朵唯D8 0.0033
中兴U9815 0.0033
天语W70 0.0033
中兴U969 0.0033
TCL J726 0.0032
HTC Hero(G3) 0.0032
华硕Transformer TF101 0.0032
HTC 夺目3D X515d(电信版) 0.0032
HTC 灵感 Z710t(移动版) 0.0032
LG P990(star) 白色版 0.0032
LG LU6200(Optimus LTE) 0.0031
华硕K00S 0.0031
海信E926 0.0031
海信U929 0.0031
中兴N983 0.003
波导I9 0.003
台电P89mini 0.003
HTC One XT(S720t) 0.003
中兴U985 0.003
中兴Q101T 0.003
海信T930 0.0029
摩托罗拉Atrix3 MB886 0.0029
HTC Desire C(A320e) 0.0029
中兴U791 0.0029
康佳W990 0.0028
亿通T860 0.0028
天语k-toucht85 0.0028
索尼LT26i（Xperia S） 0.0028
HTC J（Z321e） 0.0028
波导S6 0.0028
天语U7 0.0028
索爱X11 0.0028
亿通T900 0.0028
海信EG906 0.0027
华硕K00F 0.0027
康佳 S901 0.0027
HTC微客 C510e 0.0027
天语T93 0.0027
海信E920 0.0027
海信T959S 0.0027
天语T6 0.0027
HTC One XT 0.0027
康佳V980 0.0027
TCL J600T 0.0027
天语U83t 0.0027
TCL S950T 0.0026
HTC ONE V 0.0026
摩托罗拉XT865(Droid Bionic) 0.0026
摩托罗拉Q8 0.0026
TCL A919 0.0025
LG F320S 0.0025
摩托罗拉MB855(Photon 4G) 0.0025
摩托罗拉XT912(Droid RAZR) 0.0025
HTC 灵感XL(X315e) 0.0025
康佳V931 0.0024
HTC Desire 709d 0.0024
HTC S510 0.0024
朵唯iEva D50 0.0024
台电P85 0.0024
天语E806 0.0024
天语C960t 0.0023
天语T760 0.0023
HTC E1 0.0023
摩托罗拉XT536 0.0023
康佳V976 0.0023
海信T950 0.0023
LG Optimus L3 0.0023
海信U939 0.0023
TCL S600 0.0023
摩托罗拉XT885 0.0022
天语T81 0.0022
海信T968 0.0022
天语U2(沃Phone) 0.0022
摩托罗拉Moto G 0.0022
华硕PadFone2 0.0022
LG Optimus G 0.0022
摩托罗拉MOTO G 0.0022
天语E88 0.0021
海信E956 0.0021
亿通ETON T701 0.0021
摩托罗拉MT887(RAZR V移动版) 0.0021
天语W808 0.0021
海信T830 0.0021
海信T92 0.0021
波导T9105 0.0021
海信HS-T818 0.0021
摩托罗拉XT882 0.002
天语T780+ 0.002
摩托罗拉ROKR Z6 0.002
摩托罗拉Defy XT 0.002
海信X5T 0.002
朵唯iEva D7 0.002
LG Optimus Vu 2 0.002
海信T96 0.002
朵唯D30 0.002
华硕ME172V 0.002
TCL W939 翔云 0.0019
海信HS-T978 0.0019
天语E619 0.0019
天语E780 0.0019
康佳V926 0.0019
TCL S820 0.0019
长虹W6 0.0019
朵唯iEva D9 0.0019
海信T980 0.0019
天语C988t 0.0019
索爱X12 0.0019
摩托罗拉XT390 0.0019
亿通T730D 0.0018
天语U90 0.0018
康佳E900 0.0018
摩托罗拉MB865 0.0018
康佳V957 0.0018
摩托罗拉MT870 0.0018
天语T87 0.0018
天语T96 0.0018
朵唯iEva D3 0.0018
TCL Y910T 0.0018
摩托罗拉Q9 0.0018
康佳E950 0.0018
TCL J928 0.0017
摩托罗拉XT800 0.0017
天语T580 0.0017
LG Optimus Net P690 0.0017
长虹V10 0.0017
台电P85HD 0.0016
LG Optimus LTE 2(F160L) 0.0016
摩托罗拉ME511(MB511) 0.0016
康佳T600 0.0016
摩托罗拉ME811(Droid X) 0.0016
TCL S300T 0.0015
LG F160L 0.0015
摩托罗拉XOOM MZ606 0.0015
亿通T800 0.0015
TCL J900 0.0015
朵唯iEva D900 0.0014
亿通T710P 0.0014
摩托罗拉DROID RAZR M 0.0014
LG F100L 0.0014
波导i7 0.0014
摩托罗拉XT702(milestone) 0.0014
天语E67 0.0014
台电P88 0.0014
TCL J620 0.0013
TCL J300 0.0013
华硕 PadFone Infinity A80 0.0013
TCL A996 0.0013
LG Optimus Sol E730(Victor) 0.0013
LG Optimus L2 0.0013
TCL S960T 0.0013
LG E510 0.0013
长虹M18 0.0012
康佳W970 0.0012
长虹C600 0.0011
长虹A9800T 0.0011
 LG OptimusVu2 0.0011
康佳E5680 0.0011
摩托罗拉Defy Mini 0.0011
康佳V930 0.001
长虹C660 0.001
摩托罗拉Milestone 2 0.001
摩托罗拉XT550 0.0009
摩托罗拉XT760 0.0009
长虹Z3t 0.0008
康佳V913 0.0008
长虹Z-me 0.0008
摩托罗拉XOOM 0.0008
长虹C360 0.0008
康佳V6830 0.0007
摩托罗拉XT889(RAZR V电信版) 0.0007
长虹W7 0.0007
摩托罗拉XT681(锋丽) 0.0007
摩托罗拉XT883(Droid 3电信版) 0.0007
长虹Z3 0.0006
